2022-12-13 16:52:26,590 INFO org.springframework.boot.StartupInfoLogger [restartedMain] Starting FoodProjectApplication using Java 11.0.16 on DESKTOP-97VSGEU with PID 21632 (D:\CyberSoft\FoodProject\food_project\target\classes started by Manh Hai in D:\CyberSoft\FoodProject\food_project)
2022-12-13 16:52:26,594 INFO org.springframework.boot.SpringApplication [restartedMain] No active profile set, falling back to 1 default profile: "default"
2022-12-13 16:52:26,654 INFO org.springframework.boot.logging.DeferredLog [restartedMain] Devtools property defaults active! Set 'spring.devtools.add-properties' to 'false' to disable
2022-12-13 16:52:26,655 INFO org.springframework.boot.logging.DeferredLog [restartedMain] For additional web related logging consider setting the 'logging.level.web' property to 'DEBUG'
2022-12-13 16:52:27,379 INFO org.springframework.data.repository.config.RepositoryConfigurationDelegate [restartedMain] Multiple Spring Data modules found, entering strict repository configuration mode
2022-12-13 16:52:27,379 INFO org.springframework.data.repository.config.RepositoryConfigurationDelegate [restartedMain] Bootstrapping Spring Data JPA repositories in DEFAULT mode.
2022-12-13 16:52:27,437 INFO org.springframework.data.repository.config.RepositoryConfigurationDelegate [restartedMain] Finished Spring Data repository scanning in 51 ms. Found 3 JPA repository interfaces.
2022-12-13 16:52:27,454 INFO org.springframework.data.repository.config.RepositoryConfigurationDelegate [restartedMain] Multiple Spring Data modules found, entering strict repository configuration mode
2022-12-13 16:52:27,455 INFO org.springframework.data.repository.config.RepositoryConfigurationDelegate [restartedMain] Bootstrapping Spring Data Redis repositories in DEFAULT mode.
2022-12-13 16:52:27,466 INFO org.springframework.data.repository.config.RepositoryConfigurationExtensionSupport [restartedMain] Spring Data Redis - Could not safely identify store assignment for repository candidate interface com.cybersoft.food_project.repository.CategoryRepository; If you want this repository to be a Redis repository, consider annotating your entities with one of these annotations: org.springframework.data.redis.core.RedisHash (preferred), or consider extending one of the following types with your repository: org.springframework.data.keyvalue.repository.KeyValueRepository
2022-12-13 16:52:27,467 INFO org.springframework.data.repository.config.RepositoryConfigurationExtensionSupport [restartedMain] Spring Data Redis - Could not safely identify store assignment for repository candidate interface com.cybersoft.food_project.repository.RestaurantRepository; If you want this repository to be a Redis repository, consider annotating your entities with one of these annotations: org.springframework.data.redis.core.RedisHash (preferred), or consider extending one of the following types with your repository: org.springframework.data.keyvalue.repository.KeyValueRepository
2022-12-13 16:52:27,467 INFO org.springframework.data.repository.config.RepositoryConfigurationExtensionSupport [restartedMain] Spring Data Redis - Could not safely identify store assignment for repository candidate interface com.cybersoft.food_project.repository.UserRepository; If you want this repository to be a Redis repository, consider annotating your entities with one of these annotations: org.springframework.data.redis.core.RedisHash (preferred), or consider extending one of the following types with your repository: org.springframework.data.keyvalue.repository.KeyValueRepository
2022-12-13 16:52:27,468 INFO org.springframework.data.repository.config.RepositoryConfigurationDelegate [restartedMain] Finished Spring Data repository scanning in 6 ms. Found 0 Redis repository interfaces.
2022-12-13 16:52:28,015 INFO org.springframework.boot.web.embedded.tomcat.TomcatWebServer [restartedMain] Tomcat initialized with port(s): 8080 (http)
2022-12-13 16:52:28,021 INFO org.apache.juli.logging.DirectJDKLog [restartedMain] Initializing ProtocolHandler ["http-nio-8080"]
2022-12-13 16:52:28,021 INFO org.apache.juli.logging.DirectJDKLog [restartedMain] Starting service [Tomcat]
2022-12-13 16:52:28,021 INFO org.apache.juli.logging.DirectJDKLog [restartedMain] Starting Servlet engine: [Apache Tomcat/9.0.68]
2022-12-13 16:52:28,090 INFO org.apache.juli.logging.DirectJDKLog [restartedMain] Initializing Spring embedded WebApplicationContext
2022-12-13 16:52:28,090 INFO org.springframework.boot.web.servlet.context.ServletWebServerApplicationContext [restartedMain] Root WebApplicationContext: initialization completed in 1424 ms
2022-12-13 16:52:28,387 INFO org.hibernate.jpa.internal.util.LogHelper [restartedMain] HHH000204: Processing PersistenceUnitInfo [name: default]
2022-12-13 16:52:28,418 INFO org.hibernate.Version [restartedMain] HHH000412: Hibernate ORM core version 5.6.12.Final
2022-12-13 16:52:28,510 INFO org.hibernate.annotations.common.reflection.java.JavaReflectionManager [restartedMain] HCANN000001: Hibernate Commons Annotations {5.1.2.Final}
2022-12-13 16:52:28,576 INFO com.zaxxer.hikari.HikariDataSource [restartedMain] HikariPool-1 - Starting...
2022-12-13 16:52:28,991 INFO com.zaxxer.hikari.HikariDataSource [restartedMain] HikariPool-1 - Start completed.
2022-12-13 16:52:29,010 INFO org.hibernate.dialect.Dialect [restartedMain] HHH000400: Using dialect: org.hibernate.dialect.MySQL8Dialect
2022-12-13 16:52:29,364 INFO org.hibernate.tuple.PojoInstantiator [restartedMain] HHH000182: No default (no-argument) constructor for class: com.cybersoft.food_project.entity.id.OtherStatusId (class must be instantiated by Interceptor)
2022-12-13 16:52:29,365 WARN org.hibernate.mapping.RootClass [restartedMain] HHH000038: Composite-id class does not override equals(): com.cybersoft.food_project.entity.id.OtherStatusId
2022-12-13 16:52:29,366 WARN org.hibernate.mapping.RootClass [restartedMain] HHH000039: Composite-id class does not override hashCode(): com.cybersoft.food_project.entity.id.OtherStatusId
2022-12-13 16:52:29,367 INFO org.hibernate.tuple.PojoInstantiator [restartedMain] HHH000182: No default (no-argument) constructor for class: com.cybersoft.food_project.entity.id.FoodMaterialId (class must be instantiated by Interceptor)
2022-12-13 16:52:29,367 WARN org.hibernate.mapping.RootClass [restartedMain] HHH000038: Composite-id class does not override equals(): com.cybersoft.food_project.entity.id.FoodMaterialId
2022-12-13 16:52:29,369 WARN org.hibernate.mapping.RootClass [restartedMain] HHH000039: Composite-id class does not override hashCode(): com.cybersoft.food_project.entity.id.FoodMaterialId
2022-12-13 16:52:29,372 WARN org.hibernate.mapping.RootClass [restartedMain] HHH000038: Composite-id class does not override equals(): com.cybersoft.food_project.entity.id.FoodOrderId
2022-12-13 16:52:29,375 WARN org.hibernate.mapping.RootClass [restartedMain] HHH000039: Composite-id class does not override hashCode(): com.cybersoft.food_project.entity.id.FoodOrderId
2022-12-13 16:52:30,248 INFO org.hibernate.engine.transaction.jta.platform.internal.JtaPlatformInitiator [restartedMain] HHH000490: Using JtaPlatform implementation: [org.hibernate.engine.transaction.jta.platform.internal.NoJtaPlatform]
2022-12-13 16:52:30,255 INFO org.springframework.orm.jpa.AbstractEntityManagerFactoryBean [restartedMain] Initialized JPA EntityManagerFactory for persistence unit 'default'
2022-12-13 16:52:30,947 INFO org.springframework.security.web.DefaultSecurityFilterChain [restartedMain] Will secure any request with [org.springframework.security.web.session.DisableEncodeUrlFilter@3c0d3f01, org.springframework.security.web.context.request.async.WebAsyncManagerIntegrationFilter@48918399, org.springframework.security.web.context.SecurityContextPersistenceFilter@7f6c664a, org.springframework.security.web.header.HeaderWriterFilter@763036fb, org.springframework.security.web.authentication.logout.LogoutFilter@1e9e5569, com.cybersoft.food_project.jwt.JwtTokenFilter@579540ba, org.springframework.security.web.savedrequest.RequestCacheAwareFilter@7e18f968, org.springframework.security.web.servletapi.SecurityContextHolderAwareRequestFilter@47508365, org.springframework.security.web.authentication.AnonymousAuthenticationFilter@7758dd4b, org.springframework.security.web.session.SessionManagementFilter@c7ef5d3, org.springframework.security.web.access.ExceptionTranslationFilter@7be1b476, org.springframework.security.web.access.intercept.FilterSecurityInterceptor@7d7ff812]
2022-12-13 16:52:31,007 WARN org.springframework.boot.autoconfigure.orm.jpa.JpaBaseConfiguration$JpaWebConfiguration [restartedMain] spring.jpa.open-in-view is enabled by default. Therefore, database queries may be performed during view rendering. Explicitly configure spring.jpa.open-in-view to disable this warning
2022-12-13 16:52:31,457 INFO org.springframework.boot.devtools.autoconfigure.OptionalLiveReloadServer [restartedMain] LiveReload server is running on port 35729
2022-12-13 16:52:31,486 INFO org.apache.juli.logging.DirectJDKLog [restartedMain] Starting ProtocolHandler ["http-nio-8080"]
2022-12-13 16:52:31,506 INFO org.springframework.boot.web.embedded.tomcat.TomcatWebServer [restartedMain] Tomcat started on port(s): 8080 (http) with context path '/api'
2022-12-13 16:52:31,527 INFO org.springframework.boot.StartupInfoLogger [restartedMain] Started FoodProjectApplication in 5.416 seconds (JVM running for 6.662)
2022-12-13 16:54:09,999 INFO org.springframework.boot.StartupInfoLogger [restartedMain] Starting FoodProjectApplication using Java 11.0.16 on DESKTOP-97VSGEU with PID 19792 (D:\CyberSoft\FoodProject\food_project\target\classes started by Manh Hai in D:\CyberSoft\FoodProject\food_project)
2022-12-13 16:54:10,004 INFO org.springframework.boot.SpringApplication [restartedMain] No active profile set, falling back to 1 default profile: "default"
2022-12-13 16:54:10,059 INFO org.springframework.boot.logging.DeferredLog [restartedMain] Devtools property defaults active! Set 'spring.devtools.add-properties' to 'false' to disable
2022-12-13 16:54:10,059 INFO org.springframework.boot.logging.DeferredLog [restartedMain] For additional web related logging consider setting the 'logging.level.web' property to 'DEBUG'
2022-12-13 16:54:10,659 INFO org.springframework.data.repository.config.RepositoryConfigurationDelegate [restartedMain] Multiple Spring Data modules found, entering strict repository configuration mode
2022-12-13 16:54:10,659 INFO org.springframework.data.repository.config.RepositoryConfigurationDelegate [restartedMain] Bootstrapping Spring Data JPA repositories in DEFAULT mode.
2022-12-13 16:54:10,711 INFO org.springframework.data.repository.config.RepositoryConfigurationDelegate [restartedMain] Finished Spring Data repository scanning in 46 ms. Found 3 JPA repository interfaces.
2022-12-13 16:54:10,721 INFO org.springframework.data.repository.config.RepositoryConfigurationDelegate [restartedMain] Multiple Spring Data modules found, entering strict repository configuration mode
2022-12-13 16:54:10,723 INFO org.springframework.data.repository.config.RepositoryConfigurationDelegate [restartedMain] Bootstrapping Spring Data Redis repositories in DEFAULT mode.
2022-12-13 16:54:10,736 INFO org.springframework.data.repository.config.RepositoryConfigurationExtensionSupport [restartedMain] Spring Data Redis - Could not safely identify store assignment for repository candidate interface com.cybersoft.food_project.repository.CategoryRepository; If you want this repository to be a Redis repository, consider annotating your entities with one of these annotations: org.springframework.data.redis.core.RedisHash (preferred), or consider extending one of the following types with your repository: org.springframework.data.keyvalue.repository.KeyValueRepository
2022-12-13 16:54:10,736 INFO org.springframework.data.repository.config.RepositoryConfigurationExtensionSupport [restartedMain] Spring Data Redis - Could not safely identify store assignment for repository candidate interface com.cybersoft.food_project.repository.RestaurantRepository; If you want this repository to be a Redis repository, consider annotating your entities with one of these annotations: org.springframework.data.redis.core.RedisHash (preferred), or consider extending one of the following types with your repository: org.springframework.data.keyvalue.repository.KeyValueRepository
2022-12-13 16:54:10,744 INFO org.springframework.data.repository.config.RepositoryConfigurationExtensionSupport [restartedMain] Spring Data Redis - Could not safely identify store assignment for repository candidate interface com.cybersoft.food_project.repository.UserRepository; If you want this repository to be a Redis repository, consider annotating your entities with one of these annotations: org.springframework.data.redis.core.RedisHash (preferred), or consider extending one of the following types with your repository: org.springframework.data.keyvalue.repository.KeyValueRepository
2022-12-13 16:54:10,745 INFO org.springframework.data.repository.config.RepositoryConfigurationDelegate [restartedMain] Finished Spring Data repository scanning in 14 ms. Found 0 Redis repository interfaces.
2022-12-13 16:54:11,188 INFO org.springframework.boot.web.embedded.tomcat.TomcatWebServer [restartedMain] Tomcat initialized with port(s): 8080 (http)
2022-12-13 16:54:11,193 INFO org.apache.juli.logging.DirectJDKLog [restartedMain] Initializing ProtocolHandler ["http-nio-8080"]
2022-12-13 16:54:11,194 INFO org.apache.juli.logging.DirectJDKLog [restartedMain] Starting service [Tomcat]
2022-12-13 16:54:11,194 INFO org.apache.juli.logging.DirectJDKLog [restartedMain] Starting Servlet engine: [Apache Tomcat/9.0.68]
2022-12-13 16:54:11,378 INFO org.apache.juli.logging.DirectJDKLog [restartedMain] Initializing Spring embedded WebApplicationContext
2022-12-13 16:54:11,378 INFO org.springframework.boot.web.servlet.context.ServletWebServerApplicationContext [restartedMain] Root WebApplicationContext: initialization completed in 1318 ms
2022-12-13 16:54:11,658 INFO org.hibernate.jpa.internal.util.LogHelper [restartedMain] HHH000204: Processing PersistenceUnitInfo [name: default]
2022-12-13 16:54:11,690 INFO org.hibernate.Version [restartedMain] HHH000412: Hibernate ORM core version 5.6.12.Final
2022-12-13 16:54:11,789 INFO org.hibernate.annotations.common.reflection.java.JavaReflectionManager [restartedMain] HCANN000001: Hibernate Commons Annotations {5.1.2.Final}
2022-12-13 16:54:11,851 INFO com.zaxxer.hikari.HikariDataSource [restartedMain] HikariPool-1 - Starting...
2022-12-13 16:54:12,051 INFO com.zaxxer.hikari.HikariDataSource [restartedMain] HikariPool-1 - Start completed.
2022-12-13 16:54:12,061 INFO org.hibernate.dialect.Dialect [restartedMain] HHH000400: Using dialect: org.hibernate.dialect.MySQL8Dialect
2022-12-13 16:54:12,257 INFO org.hibernate.tuple.PojoInstantiator [restartedMain] HHH000182: No default (no-argument) constructor for class: com.cybersoft.food_project.entity.id.OtherStatusId (class must be instantiated by Interceptor)
2022-12-13 16:54:12,258 WARN org.hibernate.mapping.RootClass [restartedMain] HHH000038: Composite-id class does not override equals(): com.cybersoft.food_project.entity.id.OtherStatusId
2022-12-13 16:54:12,258 WARN org.hibernate.mapping.RootClass [restartedMain] HHH000039: Composite-id class does not override hashCode(): com.cybersoft.food_project.entity.id.OtherStatusId
2022-12-13 16:54:12,258 INFO org.hibernate.tuple.PojoInstantiator [restartedMain] HHH000182: No default (no-argument) constructor for class: com.cybersoft.food_project.entity.id.FoodMaterialId (class must be instantiated by Interceptor)
2022-12-13 16:54:12,258 WARN org.hibernate.mapping.RootClass [restartedMain] HHH000038: Composite-id class does not override equals(): com.cybersoft.food_project.entity.id.FoodMaterialId
2022-12-13 16:54:12,258 WARN org.hibernate.mapping.RootClass [restartedMain] HHH000039: Composite-id class does not override hashCode(): com.cybersoft.food_project.entity.id.FoodMaterialId
2022-12-13 16:54:12,259 WARN org.hibernate.mapping.RootClass [restartedMain] HHH000038: Composite-id class does not override equals(): com.cybersoft.food_project.entity.id.FoodOrderId
2022-12-13 16:54:12,259 WARN org.hibernate.mapping.RootClass [restartedMain] HHH000039: Composite-id class does not override hashCode(): com.cybersoft.food_project.entity.id.FoodOrderId
2022-12-13 16:54:13,075 INFO org.hibernate.engine.transaction.jta.platform.internal.JtaPlatformInitiator [restartedMain] HHH000490: Using JtaPlatform implementation: [org.hibernate.engine.transaction.jta.platform.internal.NoJtaPlatform]
2022-12-13 16:54:13,084 INFO org.springframework.orm.jpa.AbstractEntityManagerFactoryBean [restartedMain] Initialized JPA EntityManagerFactory for persistence unit 'default'
2022-12-13 16:54:13,843 INFO org.springframework.security.web.DefaultSecurityFilterChain [restartedMain] Will secure any request with [org.springframework.security.web.session.DisableEncodeUrlFilter@6f9a147a, org.springframework.security.web.context.request.async.WebAsyncManagerIntegrationFilter@7e7c5fc4, org.springframework.security.web.context.SecurityContextPersistenceFilter@6c031f07, org.springframework.security.web.header.HeaderWriterFilter@63110726, org.springframework.security.web.authentication.logout.LogoutFilter@44690f03, com.cybersoft.food_project.jwt.JwtTokenFilter@5a53b5ca, org.springframework.security.web.savedrequest.RequestCacheAwareFilter@2f3e76, org.springframework.security.web.servletapi.SecurityContextHolderAwareRequestFilter@61cb7889, org.springframework.security.web.authentication.AnonymousAuthenticationFilter@6b952f98, org.springframework.security.web.session.SessionManagementFilter@4d965e4b, org.springframework.security.web.access.ExceptionTranslationFilter@768b94fd, org.springframework.security.web.access.intercept.FilterSecurityInterceptor@2d7e65ce]
2022-12-13 16:54:13,916 WARN org.springframework.boot.autoconfigure.orm.jpa.JpaBaseConfiguration$JpaWebConfiguration [restartedMain] spring.jpa.open-in-view is enabled by default. Therefore, database queries may be performed during view rendering. Explicitly configure spring.jpa.open-in-view to disable this warning
2022-12-13 16:54:14,386 INFO org.springframework.boot.devtools.autoconfigure.OptionalLiveReloadServer [restartedMain] LiveReload server is running on port 35729
2022-12-13 16:54:14,404 INFO org.apache.juli.logging.DirectJDKLog [restartedMain] Starting ProtocolHandler ["http-nio-8080"]
2022-12-13 16:54:14,427 INFO org.springframework.boot.web.embedded.tomcat.TomcatWebServer [restartedMain] Tomcat started on port(s): 8080 (http) with context path '/api'
2022-12-13 16:54:14,440 INFO org.springframework.boot.StartupInfoLogger [restartedMain] Started FoodProjectApplication in 4.846 seconds (JVM running for 5.997)
